{"/home/luciano/workspace/GoStackRocketSeat/GoStack/ReactNative/appgobarber/src/components/Button/index.tsx": {"path":"/home/luciano/workspace/GoStackRocketSeat/GoStack/ReactNative/appgobarber/src/components/Button/index.tsx","statementMap":{"0":{"start":{"line":10,"column":38},"end":{"line":16,"column":1}},"1":{"start":{"line":11,"column":2},"end":{"line":15,"column":14}}},"fnMap":{"0":{"name":"(anonymous_0)","decl":{"start":{"line":10,"column":38},"end":{"line":10,"column":39}},"loc":{"start":{"line":11,"column":2},"end":{"line":15,"column":14}},"line":11}},"branchMap":{},"s":{"0":1,"1":1},"f":{"0":1},"b":{},"_coverageSchema":"1a1c01bbd47fc00a2c39e90264f33305004495a9","hash":"e4b8c36055d18fa3638936546eb11882f1537721"}
,"/home/luciano/workspace/GoStackRocketSeat/GoStack/ReactNative/appgobarber/src/components/Input/index.tsx": {"path":"/home/luciano/workspace/GoStackRocketSeat/GoStack/ReactNative/appgobarber/src/components/Input/index.tsx","statementMap":{"0":{"start":{"line":23,"column":68},"end":{"line":93,"column":1}},"1":{"start":{"line":29,"column":26},"end":{"line":29,"column":43}},"2":{"start":{"line":33,"column":6},"end":{"line":33,"column":20}},"3":{"start":{"line":34,"column":24},"end":{"line":34,"column":76}},"4":{"start":{"line":36,"column":36},"end":{"line":36,"column":51}},"5":{"start":{"line":37,"column":34},"end":{"line":37,"column":49}},"6":{"start":{"line":39,"column":27},"end":{"line":41,"column":8}},"7":{"start":{"line":40,"column":4},"end":{"line":40,"column":23}},"8":{"start":{"line":43,"column":26},"end":{"line":47,"column":8}},"9":{"start":{"line":44,"column":4},"end":{"line":44,"column":24}},"10":{"start":{"line":46,"column":4},"end":{"line":46,"column":47}},"11":{"start":{"line":49,"column":2},"end":{"line":53,"column":6}},"12":{"start":{"line":49,"column":34},"end":{"line":53,"column":3}},"13":{"start":{"line":51,"column":6},"end":{"line":51,"column":38}},"14":{"start":{"line":55,"column":2},"end":{"line":69,"column":33}},"15":{"start":{"line":56,"column":4},"end":{"line":68,"column":7}},"16":{"start":{"line":61,"column":8},"end":{"line":61,"column":44}},"17":{"start":{"line":62,"column":8},"end":{"line":62,"column":64}},"18":{"start":{"line":65,"column":8},"end":{"line":65,"column":41}},"19":{"start":{"line":66,"column":8},"end":{"line":66,"column":40}},"20":{"start":{"line":71,"column":2},"end":{"line":92,"column":4}},"21":{"start":{"line":87,"column":10},"end":{"line":87,"column":46}}},"fnMap":{"0":{"name":"(anonymous_0)","decl":{"start":{"line":23,"column":68},"end":{"line":23,"column":69}},"loc":{"start":{"line":28,"column":11},"end":{"line":93,"column":1}},"line":28},"1":{"name":"(anonymous_1)","decl":{"start":{"line":39,"column":39},"end":{"line":39,"column":40}},"loc":{"start":{"line":39,"column":45},"end":{"line":41,"column":3}},"line":39},"2":{"name":"(anonymous_2)","decl":{"start":{"line":43,"column":38},"end":{"line":43,"column":39}},"loc":{"start":{"line":43,"column":44},"end":{"line":47,"column":3}},"line":43},"3":{"name":"(anonymous_3)","decl":{"start":{"line":49,"column":27},"end":{"line":49,"column":28}},"loc":{"start":{"line":49,"column":34},"end":{"line":53,"column":3}},"line":49},"4":{"name":"(anonymous_4)","decl":{"start":{"line":50,"column":4},"end":{"line":50,"column":5}},"loc":{"start":{"line":50,"column":12},"end":{"line":52,"column":5}},"line":50},"5":{"name":"(anonymous_5)","decl":{"start":{"line":55,"column":12},"end":{"line":55,"column":13}},"loc":{"start":{"line":55,"column":18},"end":{"line":69,"column":3}},"line":55},"6":{"name":"(anonymous_6)","decl":{"start":{"line":60,"column":6},"end":{"line":60,"column":7}},"loc":{"start":{"line":60,"column":25},"end":{"line":63,"column":7}},"line":60},"7":{"name":"(anonymous_7)","decl":{"start":{"line":64,"column":6},"end":{"line":64,"column":7}},"loc":{"start":{"line":64,"column":19},"end":{"line":67,"column":7}},"line":64},"8":{"name":"(anonymous_8)","decl":{"start":{"line":86,"column":22},"end":{"line":86,"column":23}},"loc":{"start":{"line":86,"column":33},"end":{"line":88,"column":9}},"line":86}},"branchMap":{"0":{"loc":{"start":{"line":26,"column":2},"end":{"line":26,"column":21}},"type":"default-arg","locations":[{"start":{"line":26,"column":19},"end":{"line":26,"column":21}}],"line":26},"1":{"loc":{"start":{"line":32,"column":19},"end":{"line":32,"column":36}},"type":"default-arg","locations":[{"start":{"line":32,"column":34},"end":{"line":32,"column":36}}],"line":32},"2":{"loc":{"start":{"line":76,"column":15},"end":{"line":76,"column":60}},"type":"cond-expr","locations":[{"start":{"line":76,"column":39},"end":{"line":76,"column":48}},{"start":{"line":76,"column":51},"end":{"line":76,"column":60}}],"line":76},"3":{"loc":{"start":{"line":76,"column":15},"end":{"line":76,"column":36}},"type":"binary-expr","locations":[{"start":{"line":76,"column":15},"end":{"line":76,"column":24}},{"start":{"line":76,"column":28},"end":{"line":76,"column":36}}],"line":76}},"s":{"0":1,"1":2,"2":2,"3":2,"4":2,"5":2,"6":2,"7":0,"8":2,"9":0,"10":0,"11":2,"12":1,"13":0,"14":2,"15":2,"16":0,"17":0,"18":0,"19":0,"20":2,"21":0},"f":{"0":2,"1":0,"2":0,"3":1,"4":0,"5":2,"6":0,"7":0,"8":0},"b":{"0":[2],"1":[2],"2":[0,2],"3":[2,2]},"_coverageSchema":"1a1c01bbd47fc00a2c39e90264f33305004495a9","hash":"c78fbf9ea54f212b5b113334ffe9744088852e81"}
,"/home/luciano/workspace/GoStackRocketSeat/GoStack/ReactNative/appgobarber/src/hooks/auth.tsx": {"path":"/home/luciano/workspace/GoStackRocketSeat/GoStack/ReactNative/appgobarber/src/hooks/auth.tsx","statementMap":{"0":{"start":{"line":32,"column":20},"end":{"line":32,"column":73}},"1":{"start":{"line":34,"column":31},"end":{"line":92,"column":1}},"2":{"start":{"line":35,"column":26},"end":{"line":35,"column":62}},"3":{"start":{"line":36,"column":32},"end":{"line":36,"column":46}},"4":{"start":{"line":38,"column":2},"end":{"line":52,"column":9}},"5":{"start":{"line":40,"column":28},"end":{"line":40,"column":94}},"6":{"start":{"line":42,"column":6},"end":{"line":46,"column":7}},"7":{"start":{"line":43,"column":8},"end":{"line":43,"column":66}},"8":{"start":{"line":45,"column":8},"end":{"line":45,"column":64}},"9":{"start":{"line":48,"column":6},"end":{"line":48,"column":24}},"10":{"start":{"line":51,"column":4},"end":{"line":51,"column":22}},"11":{"start":{"line":54,"column":17},"end":{"line":67,"column":8}},"12":{"start":{"line":55,"column":21},"end":{"line":55,"column":68}},"13":{"start":{"line":57,"column":28},"end":{"line":57,"column":41}},"14":{"start":{"line":59,"column":4},"end":{"line":62,"column":7}},"15":{"start":{"line":64,"column":4},"end":{"line":64,"column":59}},"16":{"start":{"line":66,"column":4},"end":{"line":66,"column":29}},"17":{"start":{"line":69,"column":18},"end":{"line":73,"column":8}},"18":{"start":{"line":70,"column":4},"end":{"line":70,"column":74}},"19":{"start":{"line":72,"column":4},"end":{"line":72,"column":29}},"20":{"start":{"line":75,"column":21},"end":{"line":82,"column":27}},"21":{"start":{"line":76,"column":4},"end":{"line":76,"column":71}},"22":{"start":{"line":78,"column":4},"end":{"line":81,"column":7}},"23":{"start":{"line":84,"column":2},"end":{"line":91,"column":4}},"24":{"start":{"line":95,"column":18},"end":{"line":95,"column":41}},"25":{"start":{"line":97,"column":2},"end":{"line":99,"column":3}},"26":{"start":{"line":98,"column":4},"end":{"line":98,"column":67}},"27":{"start":{"line":101,"column":2},"end":{"line":101,"column":17}}},"fnMap":{"0":{"name":"(anonymous_0)","decl":{"start":{"line":34,"column":31},"end":{"line":34,"column":32}},"loc":{"start":{"line":34,"column":49},"end":{"line":92,"column":1}},"line":34},"1":{"name":"(anonymous_1)","decl":{"start":{"line":38,"column":12},"end":{"line":38,"column":13}},"loc":{"start":{"line":38,"column":18},"end":{"line":52,"column":3}},"line":38},"2":{"name":"loadStorageData","decl":{"start":{"line":39,"column":19},"end":{"line":39,"column":34}},"loc":{"start":{"line":39,"column":52},"end":{"line":49,"column":5}},"line":39},"3":{"name":"(anonymous_3)","decl":{"start":{"line":54,"column":29},"end":{"line":54,"column":30}},"loc":{"start":{"line":54,"column":60},"end":{"line":67,"column":3}},"line":54},"4":{"name":"(anonymous_4)","decl":{"start":{"line":69,"column":30},"end":{"line":69,"column":31}},"loc":{"start":{"line":69,"column":42},"end":{"line":73,"column":3}},"line":69},"5":{"name":"(anonymous_5)","decl":{"start":{"line":75,"column":33},"end":{"line":75,"column":34}},"loc":{"start":{"line":75,"column":55},"end":{"line":82,"column":3}},"line":75},"6":{"name":"useAuth","decl":{"start":{"line":94,"column":9},"end":{"line":94,"column":16}},"loc":{"start":{"line":94,"column":36},"end":{"line":102,"column":1}},"line":94}},"branchMap":{"0":{"loc":{"start":{"line":42,"column":6},"end":{"line":46,"column":7}},"type":"if","locations":[{"start":{"line":42,"column":6},"end":{"line":46,"column":7}},{"start":{"line":42,"column":6},"end":{"line":46,"column":7}}],"line":42},"1":{"loc":{"start":{"line":42,"column":10},"end":{"line":42,"column":29}},"type":"binary-expr","locations":[{"start":{"line":42,"column":10},"end":{"line":42,"column":18}},{"start":{"line":42,"column":22},"end":{"line":42,"column":29}}],"line":42},"2":{"loc":{"start":{"line":97,"column":2},"end":{"line":99,"column":3}},"type":"if","locations":[{"start":{"line":97,"column":2},"end":{"line":99,"column":3}},{"start":{"line":97,"column":2},"end":{"line":99,"column":3}}],"line":97}},"s":{"0":1,"1":1,"2":0,"3":0,"4":0,"5":0,"6":0,"7":0,"8":0,"9":0,"10":0,"11":0,"12":0,"13":0,"14":0,"15":0,"16":0,"17":0,"18":0,"19":0,"20":0,"21":0,"22":0,"23":0,"24":1,"25":1,"26":0,"27":1},"f":{"0":0,"1":0,"2":0,"3":0,"4":0,"5":0,"6":1},"b":{"0":[0,0],"1":[0,0],"2":[0,1]},"_coverageSchema":"1a1c01bbd47fc00a2c39e90264f33305004495a9","hash":"a2627edeec9ddd6fae3885f3a6d573acd845336a"}
,"/home/luciano/workspace/GoStackRocketSeat/GoStack/ReactNative/appgobarber/src/pages/AppointmentCreated/index.tsx": {"path":"/home/luciano/workspace/GoStackRocketSeat/GoStack/ReactNative/appgobarber/src/pages/AppointmentCreated/index.tsx","statementMap":{"0":{"start":{"line":19,"column":37},"end":{"line":51,"column":1}},"1":{"start":{"line":20,"column":20},"end":{"line":20,"column":35}},"2":{"start":{"line":21,"column":21},"end":{"line":21,"column":31}},"3":{"start":{"line":23,"column":22},"end":{"line":23,"column":43}},"4":{"start":{"line":25,"column":26},"end":{"line":34,"column":13}},"5":{"start":{"line":26,"column":4},"end":{"line":33,"column":7}},"6":{"start":{"line":36,"column":24},"end":{"line":38,"column":25}},"7":{"start":{"line":36,"column":38},"end":{"line":38,"column":4}},"8":{"start":{"line":40,"column":2},"end":{"line":50,"column":4}}},"fnMap":{"0":{"name":"(anonymous_0)","decl":{"start":{"line":19,"column":37},"end":{"line":19,"column":38}},"loc":{"start":{"line":19,"column":43},"end":{"line":51,"column":1}},"line":19},"1":{"name":"(anonymous_1)","decl":{"start":{"line":25,"column":38},"end":{"line":25,"column":39}},"loc":{"start":{"line":25,"column":44},"end":{"line":34,"column":3}},"line":25},"2":{"name":"(anonymous_2)","decl":{"start":{"line":36,"column":32},"end":{"line":36,"column":33}},"loc":{"start":{"line":36,"column":38},"end":{"line":38,"column":4}},"line":36}},"branchMap":{},"s":{"0":0,"1":0,"2":0,"3":0,"4":0,"5":0,"6":0,"7":0,"8":0},"f":{"0":0,"1":0,"2":0},"b":{}}
,"/home/luciano/workspace/GoStackRocketSeat/GoStack/ReactNative/appgobarber/src/pages/CreateAppointment/index.tsx": {"path":"/home/luciano/workspace/GoStackRocketSeat/GoStack/ReactNative/appgobarber/src/pages/CreateAppointment/index.tsx","statementMap":{"0":{"start":{"line":54,"column":36},"end":{"line":243,"column":1}},"1":{"start":{"line":55,"column":19},"end":{"line":55,"column":28}},"2":{"start":{"line":56,"column":16},"end":{"line":56,"column":26}},"3":{"start":{"line":57,"column":22},"end":{"line":57,"column":49}},"4":{"start":{"line":58,"column":36},"end":{"line":58,"column":60}},"5":{"start":{"line":59,"column":31},"end":{"line":59,"column":46}},"6":{"start":{"line":60,"column":50},"end":{"line":60,"column":82}},"7":{"start":{"line":61,"column":54},"end":{"line":61,"column":69}},"8":{"start":{"line":62,"column":42},"end":{"line":62,"column":62}},"9":{"start":{"line":63,"column":42},"end":{"line":63,"column":53}},"10":{"start":{"line":64,"column":42},"end":{"line":64,"column":74}},"11":{"start":{"line":66,"column":2},"end":{"line":76,"column":39}},"12":{"start":{"line":67,"column":4},"end":{"line":75,"column":7}},"13":{"start":{"line":74,"column":6},"end":{"line":74,"column":37}},"14":{"start":{"line":78,"column":2},"end":{"line":82,"column":9}},"15":{"start":{"line":79,"column":4},"end":{"line":81,"column":7}},"16":{"start":{"line":80,"column":6},"end":{"line":80,"column":34}},"17":{"start":{"line":84,"column":23},"end":{"line":86,"column":14}},"18":{"start":{"line":85,"column":4},"end":{"line":85,"column":13}},"19":{"start":{"line":88,"column":33},"end":{"line":90,"column":8}},"20":{"start":{"line":89,"column":4},"end":{"line":89,"column":36}},"21":{"start":{"line":92,"column":37},"end":{"line":94,"column":8}},"22":{"start":{"line":93,"column":4},"end":{"line":93,"column":45}},"23":{"start":{"line":93,"column":37},"end":{"line":93,"column":43}},"24":{"start":{"line":96,"column":28},"end":{"line":104,"column":8}},"25":{"start":{"line":97,"column":4},"end":{"line":99,"column":5}},"26":{"start":{"line":98,"column":6},"end":{"line":98,"column":35}},"27":{"start":{"line":101,"column":4},"end":{"line":103,"column":5}},"28":{"start":{"line":102,"column":6},"end":{"line":102,"column":28}},"29":{"start":{"line":106,"column":27},"end":{"line":108,"column":8}},"30":{"start":{"line":107,"column":4},"end":{"line":107,"column":26}},"31":{"start":{"line":110,"column":34},"end":{"line":129,"column":62}},"32":{"start":{"line":111,"column":4},"end":{"line":128,"column":5}},"33":{"start":{"line":112,"column":19},"end":{"line":112,"column":41}},"34":{"start":{"line":114,"column":6},"end":{"line":114,"column":34}},"35":{"start":{"line":115,"column":6},"end":{"line":115,"column":25}},"36":{"start":{"line":117,"column":6},"end":{"line":120,"column":9}},"37":{"start":{"line":122,"column":6},"end":{"line":122,"column":63}},"38":{"start":{"line":124,"column":6},"end":{"line":127,"column":8}},"39":{"start":{"line":131,"column":30},"end":{"line":136,"column":24}},"40":{"start":{"line":131,"column":44},"end":{"line":136,"column":7}},"41":{"start":{"line":131,"column":78},"end":{"line":131,"column":87}},"42":{"start":{"line":132,"column":35},"end":{"line":136,"column":5}},"43":{"start":{"line":138,"column":32},"end":{"line":143,"column":24}},"44":{"start":{"line":138,"column":46},"end":{"line":143,"column":7}},"45":{"start":{"line":138,"column":80},"end":{"line":138,"column":90}},"46":{"start":{"line":139,"column":35},"end":{"line":143,"column":5}},"47":{"start":{"line":145,"column":2},"end":{"line":242,"column":4}},"48":{"start":{"line":163,"column":40},"end":{"line":163,"column":51}},"49":{"start":{"line":165,"column":14},"end":{"line":173,"column":34}},"50":{"start":{"line":166,"column":31},"end":{"line":166,"column":66}},"51":{"start":{"line":204,"column":16},"end":{"line":212,"column":23}},"52":{"start":{"line":209,"column":33},"end":{"line":209,"column":55}},"53":{"start":{"line":222,"column":16},"end":{"line":230,"column":23}},"54":{"start":{"line":227,"column":33},"end":{"line":227,"column":55}}},"fnMap":{"0":{"name":"(anonymous_0)","decl":{"start":{"line":54,"column":36},"end":{"line":54,"column":37}},"loc":{"start":{"line":54,"column":42},"end":{"line":243,"column":1}},"line":54},"1":{"name":"(anonymous_1)","decl":{"start":{"line":66,"column":12},"end":{"line":66,"column":13}},"loc":{"start":{"line":66,"column":18},"end":{"line":76,"column":3}},"line":66},"2":{"name":"(anonymous_2)","decl":{"start":{"line":73,"column":12},"end":{"line":73,"column":13}},"loc":{"start":{"line":73,"column":26},"end":{"line":75,"column":5}},"line":73},"3":{"name":"(anonymous_3)","decl":{"start":{"line":78,"column":12},"end":{"line":78,"column":13}},"loc":{"start":{"line":78,"column":18},"end":{"line":82,"column":3}},"line":78},"4":{"name":"(anonymous_4)","decl":{"start":{"line":79,"column":30},"end":{"line":79,"column":31}},"loc":{"start":{"line":79,"column":44},"end":{"line":81,"column":5}},"line":79},"5":{"name":"(anonymous_5)","decl":{"start":{"line":84,"column":35},"end":{"line":84,"column":36}},"loc":{"start":{"line":84,"column":41},"end":{"line":86,"column":3}},"line":84},"6":{"name":"(anonymous_6)","decl":{"start":{"line":88,"column":45},"end":{"line":88,"column":46}},"loc":{"start":{"line":88,"column":69},"end":{"line":90,"column":3}},"line":88},"7":{"name":"(anonymous_7)","decl":{"start":{"line":92,"column":49},"end":{"line":92,"column":50}},"loc":{"start":{"line":92,"column":55},"end":{"line":94,"column":3}},"line":92},"8":{"name":"(anonymous_8)","decl":{"start":{"line":93,"column":26},"end":{"line":93,"column":27}},"loc":{"start":{"line":93,"column":37},"end":{"line":93,"column":43}},"line":93},"9":{"name":"(anonymous_9)","decl":{"start":{"line":96,"column":40},"end":{"line":96,"column":41}},"loc":{"start":{"line":96,"column":71},"end":{"line":104,"column":3}},"line":96},"10":{"name":"(anonymous_10)","decl":{"start":{"line":106,"column":39},"end":{"line":106,"column":40}},"loc":{"start":{"line":106,"column":57},"end":{"line":108,"column":3}},"line":106},"11":{"name":"(anonymous_11)","decl":{"start":{"line":110,"column":46},"end":{"line":110,"column":47}},"loc":{"start":{"line":110,"column":58},"end":{"line":129,"column":3}},"line":110},"12":{"name":"(anonymous_12)","decl":{"start":{"line":131,"column":38},"end":{"line":131,"column":39}},"loc":{"start":{"line":131,"column":44},"end":{"line":136,"column":7}},"line":131},"13":{"name":"(anonymous_13)","decl":{"start":{"line":131,"column":64},"end":{"line":131,"column":65}},"loc":{"start":{"line":131,"column":78},"end":{"line":131,"column":87}},"line":131},"14":{"name":"(anonymous_14)","decl":{"start":{"line":132,"column":9},"end":{"line":132,"column":10}},"loc":{"start":{"line":132,"column":35},"end":{"line":136,"column":5}},"line":132},"15":{"name":"(anonymous_15)","decl":{"start":{"line":138,"column":40},"end":{"line":138,"column":41}},"loc":{"start":{"line":138,"column":46},"end":{"line":143,"column":7}},"line":138},"16":{"name":"(anonymous_16)","decl":{"start":{"line":138,"column":66},"end":{"line":138,"column":67}},"loc":{"start":{"line":138,"column":80},"end":{"line":138,"column":90}},"line":138},"17":{"name":"(anonymous_17)","decl":{"start":{"line":139,"column":9},"end":{"line":139,"column":10}},"loc":{"start":{"line":139,"column":35},"end":{"line":143,"column":5}},"line":139},"18":{"name":"(anonymous_18)","decl":{"start":{"line":163,"column":26},"end":{"line":163,"column":27}},"loc":{"start":{"line":163,"column":40},"end":{"line":163,"column":51}},"line":163},"19":{"name":"(anonymous_19)","decl":{"start":{"line":164,"column":24},"end":{"line":164,"column":25}},"loc":{"start":{"line":165,"column":14},"end":{"line":173,"column":34}},"line":165},"20":{"name":"(anonymous_20)","decl":{"start":{"line":166,"column":25},"end":{"line":166,"column":26}},"loc":{"start":{"line":166,"column":31},"end":{"line":166,"column":66}},"line":166},"21":{"name":"(anonymous_21)","decl":{"start":{"line":203,"column":39},"end":{"line":203,"column":40}},"loc":{"start":{"line":204,"column":16},"end":{"line":212,"column":23}},"line":204},"22":{"name":"(anonymous_22)","decl":{"start":{"line":209,"column":27},"end":{"line":209,"column":28}},"loc":{"start":{"line":209,"column":33},"end":{"line":209,"column":55}},"line":209},"23":{"name":"(anonymous_23)","decl":{"start":{"line":221,"column":41},"end":{"line":221,"column":42}},"loc":{"start":{"line":222,"column":16},"end":{"line":230,"column":23}},"line":222},"24":{"name":"(anonymous_24)","decl":{"start":{"line":227,"column":27},"end":{"line":227,"column":28}},"loc":{"start":{"line":227,"column":33},"end":{"line":227,"column":55}},"line":227}},"branchMap":{"0":{"loc":{"start":{"line":97,"column":4},"end":{"line":99,"column":5}},"type":"if","locations":[{"start":{"line":97,"column":4},"end":{"line":99,"column":5}},{"start":{"line":97,"column":4},"end":{"line":99,"column":5}}],"line":97},"1":{"loc":{"start":{"line":101,"column":4},"end":{"line":103,"column":5}},"type":"if","locations":[{"start":{"line":101,"column":4},"end":{"line":103,"column":5}},{"start":{"line":101,"column":4},"end":{"line":103,"column":5}}],"line":101},"2":{"loc":{"start":{"line":185,"column":11},"end":{"line":193,"column":11}},"type":"binary-expr","locations":[{"start":{"line":185,"column":11},"end":{"line":185,"column":29}},{"start":{"line":186,"column":10},"end":{"line":192,"column":12}}],"line":185}},"s":{"0":0,"1":0,"2":0,"3":0,"4":0,"5":0,"6":0,"7":0,"8":0,"9":0,"10":0,"11":0,"12":0,"13":0,"14":0,"15":0,"16":0,"17":0,"18":0,"19":0,"20":0,"21":0,"22":0,"23":0,"24":0,"25":0,"26":0,"27":0,"28":0,"29":0,"30":0,"31":0,"32":0,"33":0,"34":0,"35":0,"36":0,"37":0,"38":0,"39":0,"40":0,"41":0,"42":0,"43":0,"44":0,"45":0,"46":0,"47":0,"48":0,"49":0,"50":0,"51":0,"52":0,"53":0,"54":0},"f":{"0":0,"1":0,"2":0,"3":0,"4":0,"5":0,"6":0,"7":0,"8":0,"9":0,"10":0,"11":0,"12":0,"13":0,"14":0,"15":0,"16":0,"17":0,"18":0,"19":0,"20":0,"21":0,"22":0,"23":0,"24":0},"b":{"0":[0,0],"1":[0,0],"2":[0,0]}}
,"/home/luciano/workspace/GoStackRocketSeat/GoStack/ReactNative/appgobarber/src/pages/Dashboard/index.tsx": {"path":"/home/luciano/workspace/GoStackRocketSeat/GoStack/ReactNative/appgobarber/src/pages/Dashboard/index.tsx","statementMap":{"0":{"start":{"line":31,"column":28},"end":{"line":94,"column":1}},"1":{"start":{"line":32,"column":36},"end":{"line":32,"column":60}},"2":{"start":{"line":34,"column":19},"end":{"line":34,"column":28}},"3":{"start":{"line":35,"column":23},"end":{"line":35,"column":38}},"4":{"start":{"line":37,"column":2},"end":{"line":41,"column":9}},"5":{"start":{"line":38,"column":4},"end":{"line":40,"column":7}},"6":{"start":{"line":39,"column":6},"end":{"line":39,"column":34}},"7":{"start":{"line":43,"column":28},"end":{"line":45,"column":16}},"8":{"start":{"line":44,"column":4},"end":{"line":44,"column":24}},"9":{"start":{"line":47,"column":38},"end":{"line":49,"column":16}},"10":{"start":{"line":48,"column":4},"end":{"line":48,"column":50}},"11":{"start":{"line":51,"column":2},"end":{"line":93,"column":4}},"12":{"start":{"line":68,"column":36},"end":{"line":68,"column":47}},"13":{"start":{"line":73,"column":10},"end":{"line":89,"column":30}},"14":{"start":{"line":73,"column":46},"end":{"line":73,"column":87}}},"fnMap":{"0":{"name":"(anonymous_0)","decl":{"start":{"line":31,"column":28},"end":{"line":31,"column":29}},"loc":{"start":{"line":31,"column":34},"end":{"line":94,"column":1}},"line":31},"1":{"name":"(anonymous_1)","decl":{"start":{"line":37,"column":12},"end":{"line":37,"column":13}},"loc":{"start":{"line":37,"column":18},"end":{"line":41,"column":3}},"line":37},"2":{"name":"(anonymous_2)","decl":{"start":{"line":38,"column":30},"end":{"line":38,"column":31}},"loc":{"start":{"line":38,"column":44},"end":{"line":40,"column":5}},"line":38},"3":{"name":"(anonymous_3)","decl":{"start":{"line":43,"column":40},"end":{"line":43,"column":41}},"loc":{"start":{"line":43,"column":46},"end":{"line":45,"column":3}},"line":43},"4":{"name":"(anonymous_4)","decl":{"start":{"line":47,"column":50},"end":{"line":47,"column":51}},"loc":{"start":{"line":47,"column":74},"end":{"line":49,"column":3}},"line":47},"5":{"name":"(anonymous_5)","decl":{"start":{"line":68,"column":22},"end":{"line":68,"column":23}},"loc":{"start":{"line":68,"column":36},"end":{"line":68,"column":47}},"line":68},"6":{"name":"(anonymous_6)","decl":{"start":{"line":72,"column":20},"end":{"line":72,"column":21}},"loc":{"start":{"line":73,"column":10},"end":{"line":89,"column":30}},"line":73},"7":{"name":"(anonymous_7)","decl":{"start":{"line":73,"column":38},"end":{"line":73,"column":39}},"loc":{"start":{"line":73,"column":44},"end":{"line":73,"column":89}},"line":73}},"branchMap":{},"s":{"0":0,"1":0,"2":0,"3":0,"4":0,"5":0,"6":0,"7":0,"8":0,"9":0,"10":0,"11":0,"12":0,"13":0,"14":0},"f":{"0":0,"1":0,"2":0,"3":0,"4":0,"5":0,"6":0,"7":0},"b":{}}
,"/home/luciano/workspace/GoStackRocketSeat/GoStack/ReactNative/appgobarber/src/pages/Profile/index.tsx": {"path":"/home/luciano/workspace/GoStackRocketSeat/GoStack/ReactNative/appgobarber/src/pages/Profile/index.tsx","statementMap":{"0":{"start":{"line":36,"column":26},"end":{"line":245,"column":1}},"1":{"start":{"line":37,"column":18},"end":{"line":37,"column":43}},"2":{"start":{"line":38,"column":24},"end":{"line":38,"column":47}},"3":{"start":{"line":39,"column":30},"end":{"line":39,"column":53}},"4":{"start":{"line":40,"column":27},"end":{"line":40,"column":50}},"5":{"start":{"line":41,"column":39},"end":{"line":41,"column":62}},"6":{"start":{"line":42,"column":21},"end":{"line":42,"column":36}},"7":{"start":{"line":43,"column":31},"end":{"line":43,"column":40}},"8":{"start":{"line":45,"column":23},"end":{"line":118,"column":3}},"9":{"start":{"line":47,"column":6},"end":{"line":115,"column":7}},"10":{"start":{"line":48,"column":8},"end":{"line":48,"column":39}},"11":{"start":{"line":50,"column":23},"end":{"line":68,"column":10}},"12":{"start":{"line":57,"column":25},"end":{"line":57,"column":37}},"13":{"start":{"line":63,"column":27},"end":{"line":63,"column":39}},"14":{"start":{"line":70,"column":8},"end":{"line":72,"column":11}},"15":{"start":{"line":80,"column":12},"end":{"line":80,"column":16}},"16":{"start":{"line":82,"column":25},"end":{"line":92,"column":9}},"17":{"start":{"line":94,"column":25},"end":{"line":94,"column":60}},"18":{"start":{"line":96,"column":8},"end":{"line":96,"column":34}},"19":{"start":{"line":98,"column":8},"end":{"line":100,"column":10}},"20":{"start":{"line":102,"column":8},"end":{"line":102,"column":28}},"21":{"start":{"line":104,"column":8},"end":{"line":109,"column":9}},"22":{"start":{"line":105,"column":25},"end":{"line":105,"column":49}},"23":{"start":{"line":107,"column":10},"end":{"line":107,"column":45}},"24":{"start":{"line":108,"column":10},"end":{"line":108,"column":17}},"25":{"start":{"line":111,"column":8},"end":{"line":114,"column":10}},"26":{"start":{"line":120,"column":29},"end":{"line":152,"column":27}},"27":{"start":{"line":121,"column":4},"end":{"line":151,"column":7}},"28":{"start":{"line":127,"column":6},"end":{"line":129,"column":7}},"29":{"start":{"line":128,"column":8},"end":{"line":128,"column":15}},"30":{"start":{"line":131,"column":6},"end":{"line":134,"column":7}},"31":{"start":{"line":132,"column":8},"end":{"line":132,"column":70}},"32":{"start":{"line":133,"column":8},"end":{"line":133,"column":15}},"33":{"start":{"line":136,"column":19},"end":{"line":136,"column":33}},"34":{"start":{"line":137,"column":6},"end":{"line":141,"column":9}},"35":{"start":{"line":143,"column":6},"end":{"line":150,"column":11}},"36":{"start":{"line":145,"column":10},"end":{"line":145,"column":39}},"37":{"start":{"line":148,"column":10},"end":{"line":148,"column":72}},"38":{"start":{"line":149,"column":10},"end":{"line":149,"column":27}},"39":{"start":{"line":154,"column":23},"end":{"line":156,"column":18}},"40":{"start":{"line":155,"column":4},"end":{"line":155,"column":24}},"41":{"start":{"line":158,"column":2},"end":{"line":244,"column":4}},"42":{"start":{"line":190,"column":18},"end":{"line":190,"column":49}},"43":{"start":{"line":203,"column":18},"end":{"line":203,"column":55}},"44":{"start":{"line":215,"column":39},"end":{"line":215,"column":72}},"45":{"start":{"line":225,"column":39},"end":{"line":225,"column":84}},"46":{"start":{"line":235,"column":39},"end":{"line":235,"column":68}},"47":{"start":{"line":238,"column":37},"end":{"line":238,"column":66}}},"fnMap":{"0":{"name":"(anonymous_0)","decl":{"start":{"line":36,"column":26},"end":{"line":36,"column":27}},"loc":{"start":{"line":36,"column":32},"end":{"line":245,"column":1}},"line":36},"1":{"name":"(anonymous_1)","decl":{"start":{"line":46,"column":4},"end":{"line":46,"column":5}},"loc":{"start":{"line":46,"column":37},"end":{"line":116,"column":5}},"line":46},"2":{"name":"(anonymous_2)","decl":{"start":{"line":57,"column":16},"end":{"line":57,"column":17}},"loc":{"start":{"line":57,"column":25},"end":{"line":57,"column":37}},"line":57},"3":{"name":"(anonymous_3)","decl":{"start":{"line":63,"column":18},"end":{"line":63,"column":19}},"loc":{"start":{"line":63,"column":27},"end":{"line":63,"column":39}},"line":63},"4":{"name":"(anonymous_4)","decl":{"start":{"line":120,"column":41},"end":{"line":120,"column":42}},"loc":{"start":{"line":120,"column":47},"end":{"line":152,"column":3}},"line":120},"5":{"name":"(anonymous_5)","decl":{"start":{"line":126,"column":7},"end":{"line":126,"column":8}},"loc":{"start":{"line":126,"column":21},"end":{"line":151,"column":5}},"line":126},"6":{"name":"(anonymous_6)","decl":{"start":{"line":144,"column":14},"end":{"line":144,"column":15}},"loc":{"start":{"line":144,"column":31},"end":{"line":146,"column":9}},"line":144},"7":{"name":"(anonymous_7)","decl":{"start":{"line":147,"column":15},"end":{"line":147,"column":16}},"loc":{"start":{"line":147,"column":24},"end":{"line":150,"column":9}},"line":147},"8":{"name":"(anonymous_8)","decl":{"start":{"line":154,"column":35},"end":{"line":154,"column":36}},"loc":{"start":{"line":154,"column":41},"end":{"line":156,"column":3}},"line":154},"9":{"name":"(anonymous_9)","decl":{"start":{"line":189,"column":33},"end":{"line":189,"column":34}},"loc":{"start":{"line":189,"column":39},"end":{"line":191,"column":17}},"line":189},"10":{"name":"(anonymous_10)","decl":{"start":{"line":202,"column":33},"end":{"line":202,"column":34}},"loc":{"start":{"line":202,"column":39},"end":{"line":204,"column":17}},"line":202},"11":{"name":"(anonymous_11)","decl":{"start":{"line":215,"column":33},"end":{"line":215,"column":34}},"loc":{"start":{"line":215,"column":39},"end":{"line":215,"column":72}},"line":215},"12":{"name":"(anonymous_12)","decl":{"start":{"line":225,"column":33},"end":{"line":225,"column":34}},"loc":{"start":{"line":225,"column":39},"end":{"line":225,"column":84}},"line":225},"13":{"name":"(anonymous_13)","decl":{"start":{"line":235,"column":33},"end":{"line":235,"column":34}},"loc":{"start":{"line":235,"column":39},"end":{"line":235,"column":68}},"line":235},"14":{"name":"(anonymous_14)","decl":{"start":{"line":238,"column":31},"end":{"line":238,"column":32}},"loc":{"start":{"line":238,"column":37},"end":{"line":238,"column":66}},"line":238}},"branchMap":{"0":{"loc":{"start":{"line":85,"column":14},"end":{"line":90,"column":16}},"type":"cond-expr","locations":[{"start":{"line":85,"column":29},"end":{"line":89,"column":11}},{"start":{"line":90,"column":14},"end":{"line":90,"column":16}}],"line":85},"1":{"loc":{"start":{"line":104,"column":8},"end":{"line":109,"column":9}},"type":"if","locations":[{"start":{"line":104,"column":8},"end":{"line":109,"column":9}},{"start":{"line":104,"column":8},"end":{"line":109,"column":9}}],"line":104},"2":{"loc":{"start":{"line":127,"column":6},"end":{"line":129,"column":7}},"type":"if","locations":[{"start":{"line":127,"column":6},"end":{"line":129,"column":7}},{"start":{"line":127,"column":6},"end":{"line":129,"column":7}}],"line":127},"3":{"loc":{"start":{"line":131,"column":6},"end":{"line":134,"column":7}},"type":"if","locations":[{"start":{"line":131,"column":6},"end":{"line":134,"column":7}},{"start":{"line":131,"column":6},"end":{"line":134,"column":7}}],"line":131},"4":{"loc":{"start":{"line":160,"column":58},"end":{"line":160,"column":103}},"type":"cond-expr","locations":[{"start":{"line":160,"column":82},"end":{"line":160,"column":91}},{"start":{"line":160,"column":94},"end":{"line":160,"column":103}}],"line":160}},"s":{"0":0,"1":0,"2":0,"3":0,"4":0,"5":0,"6":0,"7":0,"8":0,"9":0,"10":0,"11":0,"12":0,"13":0,"14":0,"15":0,"16":0,"17":0,"18":0,"19":0,"20":0,"21":0,"22":0,"23":0,"24":0,"25":0,"26":0,"27":0,"28":0,"29":0,"30":0,"31":0,"32":0,"33":0,"34":0,"35":0,"36":0,"37":0,"38":0,"39":0,"40":0,"41":0,"42":0,"43":0,"44":0,"45":0,"46":0,"47":0},"f":{"0":0,"1":0,"2":0,"3":0,"4":0,"5":0,"6":0,"7":0,"8":0,"9":0,"10":0,"11":0,"12":0,"13":0,"14":0},"b":{"0":[0,0],"1":[0,0],"2":[0,0],"3":[0,0],"4":[0,0]}}
,"/home/luciano/workspace/GoStackRocketSeat/GoStack/ReactNative/appgobarber/src/pages/SignIn/index.tsx": {"path":"/home/luciano/workspace/GoStackRocketSeat/GoStack/ReactNative/appgobarber/src/pages/SignIn/index.tsx","statementMap":{"0":{"start":{"line":39,"column":25},"end":{"line":137,"column":1}},"1":{"start":{"line":40,"column":21},"end":{"line":40,"column":30}},"2":{"start":{"line":41,"column":18},"end":{"line":41,"column":43}},"3":{"start":{"line":42,"column":27},"end":{"line":42,"column":50}},"4":{"start":{"line":43,"column":21},"end":{"line":43,"column":36}},"5":{"start":{"line":45,"column":23},"end":{"line":80,"column":3}},"6":{"start":{"line":47,"column":6},"end":{"line":77,"column":7}},"7":{"start":{"line":48,"column":8},"end":{"line":48,"column":39}},"8":{"start":{"line":50,"column":23},"end":{"line":55,"column":10}},"9":{"start":{"line":57,"column":8},"end":{"line":59,"column":11}},"10":{"start":{"line":61,"column":8},"end":{"line":64,"column":11}},"11":{"start":{"line":66,"column":8},"end":{"line":71,"column":9}},"12":{"start":{"line":67,"column":25},"end":{"line":67,"column":49}},"13":{"start":{"line":69,"column":10},"end":{"line":69,"column":45}},"14":{"start":{"line":70,"column":10},"end":{"line":70,"column":17}},"15":{"start":{"line":73,"column":8},"end":{"line":76,"column":10}},"16":{"start":{"line":82,"column":2},"end":{"line":136,"column":4}},"17":{"start":{"line":106,"column":18},"end":{"line":106,"column":52}},"18":{"start":{"line":117,"column":18},"end":{"line":117,"column":48}},"19":{"start":{"line":121,"column":39},"end":{"line":121,"column":69}},"20":{"start":{"line":131,"column":42},"end":{"line":131,"column":71}}},"fnMap":{"0":{"name":"(anonymous_0)","decl":{"start":{"line":39,"column":25},"end":{"line":39,"column":26}},"loc":{"start":{"line":39,"column":31},"end":{"line":137,"column":1}},"line":39},"1":{"name":"(anonymous_1)","decl":{"start":{"line":46,"column":4},"end":{"line":46,"column":5}},"loc":{"start":{"line":46,"column":36},"end":{"line":78,"column":5}},"line":46},"2":{"name":"(anonymous_2)","decl":{"start":{"line":105,"column":33},"end":{"line":105,"column":34}},"loc":{"start":{"line":105,"column":39},"end":{"line":107,"column":17}},"line":105},"3":{"name":"(anonymous_3)","decl":{"start":{"line":116,"column":33},"end":{"line":116,"column":34}},"loc":{"start":{"line":116,"column":39},"end":{"line":118,"column":17}},"line":116},"4":{"name":"(anonymous_4)","decl":{"start":{"line":121,"column":31},"end":{"line":121,"column":32}},"loc":{"start":{"line":121,"column":37},"end":{"line":121,"column":71}},"line":121},"5":{"name":"(anonymous_5)","decl":{"start":{"line":124,"column":37},"end":{"line":124,"column":38}},"loc":{"start":{"line":124,"column":43},"end":{"line":124,"column":45}},"line":124},"6":{"name":"(anonymous_6)","decl":{"start":{"line":131,"column":36},"end":{"line":131,"column":37}},"loc":{"start":{"line":131,"column":42},"end":{"line":131,"column":71}},"line":131}},"branchMap":{"0":{"loc":{"start":{"line":66,"column":8},"end":{"line":71,"column":9}},"type":"if","locations":[{"start":{"line":66,"column":8},"end":{"line":71,"column":9}},{"start":{"line":66,"column":8},"end":{"line":71,"column":9}}],"line":66},"1":{"loc":{"start":{"line":84,"column":58},"end":{"line":84,"column":103}},"type":"cond-expr","locations":[{"start":{"line":84,"column":82},"end":{"line":84,"column":91}},{"start":{"line":84,"column":94},"end":{"line":84,"column":103}}],"line":84}},"s":{"0":1,"1":1,"2":1,"3":1,"4":1,"5":1,"6":0,"7":0,"8":0,"9":0,"10":0,"11":0,"12":0,"13":0,"14":0,"15":0,"16":1,"17":0,"18":0,"19":0,"20":0},"f":{"0":1,"1":0,"2":0,"3":0,"4":0,"5":0,"6":0},"b":{"0":[0,0],"1":[1,0]},"_coverageSchema":"1a1c01bbd47fc00a2c39e90264f33305004495a9","hash":"823c4eb28ff2c5c9bca0d36f248920114a82ccad"}
,"/home/luciano/workspace/GoStackRocketSeat/GoStack/ReactNative/appgobarber/src/pages/SignUp/index.tsx": {"path":"/home/luciano/workspace/GoStackRocketSeat/GoStack/ReactNative/appgobarber/src/pages/SignUp/index.tsx","statementMap":{"0":{"start":{"line":34,"column":25},"end":{"line":143,"column":1}},"1":{"start":{"line":35,"column":18},"end":{"line":35,"column":43}},"2":{"start":{"line":36,"column":24},"end":{"line":36,"column":47}},"3":{"start":{"line":37,"column":27},"end":{"line":37,"column":50}},"4":{"start":{"line":38,"column":21},"end":{"line":38,"column":36}},"5":{"start":{"line":40,"column":23},"end":{"line":80,"column":3}},"6":{"start":{"line":42,"column":6},"end":{"line":77,"column":7}},"7":{"start":{"line":43,"column":8},"end":{"line":43,"column":39}},"8":{"start":{"line":45,"column":23},"end":{"line":51,"column":10}},"9":{"start":{"line":53,"column":8},"end":{"line":55,"column":11}},"10":{"start":{"line":57,"column":8},"end":{"line":57,"column":39}},"11":{"start":{"line":59,"column":8},"end":{"line":62,"column":10}},"12":{"start":{"line":64,"column":8},"end":{"line":64,"column":38}},"13":{"start":{"line":66,"column":8},"end":{"line":71,"column":9}},"14":{"start":{"line":67,"column":25},"end":{"line":67,"column":49}},"15":{"start":{"line":69,"column":10},"end":{"line":69,"column":45}},"16":{"start":{"line":70,"column":10},"end":{"line":70,"column":17}},"17":{"start":{"line":73,"column":8},"end":{"line":76,"column":10}},"18":{"start":{"line":82,"column":2},"end":{"line":142,"column":4}},"19":{"start":{"line":104,"column":18},"end":{"line":104,"column":49}},"20":{"start":{"line":117,"column":18},"end":{"line":117,"column":52}},"21":{"start":{"line":128,"column":39},"end":{"line":128,"column":68}},"22":{"start":{"line":131,"column":37},"end":{"line":131,"column":66}},"23":{"start":{"line":137,"column":35},"end":{"line":137,"column":54}}},"fnMap":{"0":{"name":"(anonymous_0)","decl":{"start":{"line":34,"column":25},"end":{"line":34,"column":26}},"loc":{"start":{"line":34,"column":31},"end":{"line":143,"column":1}},"line":34},"1":{"name":"(anonymous_1)","decl":{"start":{"line":41,"column":4},"end":{"line":41,"column":5}},"loc":{"start":{"line":41,"column":36},"end":{"line":78,"column":5}},"line":41},"2":{"name":"(anonymous_2)","decl":{"start":{"line":103,"column":33},"end":{"line":103,"column":34}},"loc":{"start":{"line":103,"column":39},"end":{"line":105,"column":17}},"line":103},"3":{"name":"(anonymous_3)","decl":{"start":{"line":116,"column":33},"end":{"line":116,"column":34}},"loc":{"start":{"line":116,"column":39},"end":{"line":118,"column":17}},"line":116},"4":{"name":"(anonymous_4)","decl":{"start":{"line":128,"column":33},"end":{"line":128,"column":34}},"loc":{"start":{"line":128,"column":39},"end":{"line":128,"column":68}},"line":128},"5":{"name":"(anonymous_5)","decl":{"start":{"line":131,"column":31},"end":{"line":131,"column":32}},"loc":{"start":{"line":131,"column":37},"end":{"line":131,"column":66}},"line":131},"6":{"name":"(anonymous_6)","decl":{"start":{"line":137,"column":29},"end":{"line":137,"column":30}},"loc":{"start":{"line":137,"column":35},"end":{"line":137,"column":54}},"line":137}},"branchMap":{"0":{"loc":{"start":{"line":66,"column":8},"end":{"line":71,"column":9}},"type":"if","locations":[{"start":{"line":66,"column":8},"end":{"line":71,"column":9}},{"start":{"line":66,"column":8},"end":{"line":71,"column":9}}],"line":66},"1":{"loc":{"start":{"line":84,"column":58},"end":{"line":84,"column":103}},"type":"cond-expr","locations":[{"start":{"line":84,"column":82},"end":{"line":84,"column":91}},{"start":{"line":84,"column":94},"end":{"line":84,"column":103}}],"line":84}},"s":{"0":0,"1":0,"2":0,"3":0,"4":0,"5":0,"6":0,"7":0,"8":0,"9":0,"10":0,"11":0,"12":0,"13":0,"14":0,"15":0,"16":0,"17":0,"18":0,"19":0,"20":0,"21":0,"22":0,"23":0},"f":{"0":0,"1":0,"2":0,"3":0,"4":0,"5":0,"6":0},"b":{"0":[0,0],"1":[0,0]}}
}
