TN:
SF:src/components/Button/index.tsx
FN:10,(anonymous_0)
FNF:1
FNH:1
FNDA:1,(anonymous_0)
DA:10,1
DA:11,1
LF:2
LH:2
BRF:0
BRH:0
end_of_record
TN:
SF:src/components/Input/index.tsx
FN:23,(anonymous_0)
FN:39,(anonymous_1)
FN:43,(anonymous_2)
FN:49,(anonymous_3)
FN:50,(anonymous_4)
FN:55,(anonymous_5)
FN:60,(anonymous_6)
FN:64,(anonymous_7)
FN:86,(anonymous_8)
FNF:9
FNH:3
FNDA:2,(anonymous_0)
FNDA:0,(anonymous_1)
FNDA:0,(anonymous_2)
FNDA:1,(anonymous_3)
FNDA:0,(anonymous_4)
FNDA:2,(anonymous_5)
FNDA:0,(anonymous_6)
FNDA:0,(anonymous_7)
FNDA:0,(anonymous_8)
DA:23,1
DA:29,2
DA:33,2
DA:34,2
DA:36,2
DA:37,2
DA:39,2
DA:40,0
DA:43,2
DA:44,0
DA:46,0
DA:49,2
DA:51,0
DA:55,2
DA:56,2
DA:61,0
DA:62,0
DA:65,0
DA:66,0
DA:71,2
DA:87,0
LF:21
LH:12
BRDA:26,0,0,2
BRDA:32,1,0,2
BRDA:76,2,0,0
BRDA:76,2,1,2
BRDA:76,3,0,2
BRDA:76,3,1,2
BRF:6
BRH:5
end_of_record
TN:
SF:src/hooks/auth.tsx
FN:34,(anonymous_0)
FN:38,(anonymous_1)
FN:39,loadStorageData
FN:54,(anonymous_3)
FN:69,(anonymous_4)
FN:75,(anonymous_5)
FN:94,useAuth
FNF:7
FNH:1
FNDA:0,(anonymous_0)
FNDA:0,(anonymous_1)
FNDA:0,loadStorageData
FNDA:0,(anonymous_3)
FNDA:0,(anonymous_4)
FNDA:0,(anonymous_5)
FNDA:1,useAuth
DA:32,1
DA:34,1
DA:35,0
DA:36,0
DA:38,0
DA:40,0
DA:42,0
DA:43,0
DA:45,0
DA:48,0
DA:51,0
DA:54,0
DA:55,0
DA:57,0
DA:59,0
DA:64,0
DA:66,0
DA:69,0
DA:70,0
DA:72,0
DA:75,0
DA:76,0
DA:78,0
DA:84,0
DA:95,1
DA:97,1
DA:98,0
DA:101,1
LF:28
LH:5
BRDA:42,0,0,0
BRDA:42,0,1,0
BRDA:42,1,0,0
BRDA:42,1,1,0
BRDA:97,2,0,0
BRDA:97,2,1,1
BRF:6
BRH:1
end_of_record
TN:
SF:src/pages/AppointmentCreated/index.tsx
FN:19,(anonymous_0)
FN:25,(anonymous_1)
FN:36,(anonymous_2)
FNF:3
FNH:0
FNDA:0,(anonymous_0)
FNDA:0,(anonymous_1)
FNDA:0,(anonymous_2)
DA:19,0
DA:20,0
DA:21,0
DA:23,0
DA:25,0
DA:26,0
DA:36,0
DA:40,0
LF:8
LH:0
BRF:0
BRH:0
end_of_record
TN:
SF:src/pages/CreateAppointment/index.tsx
FN:54,(anonymous_0)
FN:66,(anonymous_1)
FN:73,(anonymous_2)
FN:78,(anonymous_3)
FN:79,(anonymous_4)
FN:84,(anonymous_5)
FN:88,(anonymous_6)
FN:92,(anonymous_7)
FN:93,(anonymous_8)
FN:96,(anonymous_9)
FN:106,(anonymous_10)
FN:110,(anonymous_11)
FN:131,(anonymous_12)
FN:131,(anonymous_13)
FN:132,(anonymous_14)
FN:138,(anonymous_15)
FN:138,(anonymous_16)
FN:139,(anonymous_17)
FN:163,(anonymous_18)
FN:164,(anonymous_19)
FN:166,(anonymous_20)
FN:203,(anonymous_21)
FN:209,(anonymous_22)
FN:221,(anonymous_23)
FN:227,(anonymous_24)
FNF:25
FNH:0
FNDA:0,(anonymous_0)
FNDA:0,(anonymous_1)
FNDA:0,(anonymous_2)
FNDA:0,(anonymous_3)
FNDA:0,(anonymous_4)
FNDA:0,(anonymous_5)
FNDA:0,(anonymous_6)
FNDA:0,(anonymous_7)
FNDA:0,(anonymous_8)
FNDA:0,(anonymous_9)
FNDA:0,(anonymous_10)
FNDA:0,(anonymous_11)
FNDA:0,(anonymous_12)
FNDA:0,(anonymous_13)
FNDA:0,(anonymous_14)
FNDA:0,(anonymous_15)
FNDA:0,(anonymous_16)
FNDA:0,(anonymous_17)
FNDA:0,(anonymous_18)
FNDA:0,(anonymous_19)
FNDA:0,(anonymous_20)
FNDA:0,(anonymous_21)
FNDA:0,(anonymous_22)
FNDA:0,(anonymous_23)
FNDA:0,(anonymous_24)
DA:54,0
DA:55,0
DA:56,0
DA:57,0
DA:58,0
DA:59,0
DA:60,0
DA:61,0
DA:62,0
DA:63,0
DA:64,0
DA:66,0
DA:67,0
DA:74,0
DA:78,0
DA:79,0
DA:80,0
DA:84,0
DA:85,0
DA:88,0
DA:89,0
DA:92,0
DA:93,0
DA:96,0
DA:97,0
DA:98,0
DA:101,0
DA:102,0
DA:106,0
DA:107,0
DA:110,0
DA:111,0
DA:112,0
DA:114,0
DA:115,0
DA:117,0
DA:122,0
DA:124,0
DA:131,0
DA:132,0
DA:138,0
DA:139,0
DA:145,0
DA:163,0
DA:165,0
DA:166,0
DA:204,0
DA:209,0
DA:222,0
DA:227,0
LF:50
LH:0
BRDA:97,0,0,0
BRDA:97,0,1,0
BRDA:101,1,0,0
BRDA:101,1,1,0
BRDA:185,2,0,0
BRDA:185,2,1,0
BRF:6
BRH:0
end_of_record
TN:
SF:src/pages/Dashboard/index.tsx
FN:31,(anonymous_0)
FN:37,(anonymous_1)
FN:38,(anonymous_2)
FN:43,(anonymous_3)
FN:47,(anonymous_4)
FN:68,(anonymous_5)
FN:72,(anonymous_6)
FN:73,(anonymous_7)
FNF:8
FNH:0
FNDA:0,(anonymous_0)
FNDA:0,(anonymous_1)
FNDA:0,(anonymous_2)
FNDA:0,(anonymous_3)
FNDA:0,(anonymous_4)
FNDA:0,(anonymous_5)
FNDA:0,(anonymous_6)
FNDA:0,(anonymous_7)
DA:31,0
DA:32,0
DA:34,0
DA:35,0
DA:37,0
DA:38,0
DA:39,0
DA:43,0
DA:44,0
DA:47,0
DA:48,0
DA:51,0
DA:68,0
DA:73,0
LF:14
LH:0
BRF:0
BRH:0
end_of_record
TN:
SF:src/pages/Profile/index.tsx
FN:36,(anonymous_0)
FN:46,(anonymous_1)
FN:57,(anonymous_2)
FN:63,(anonymous_3)
FN:120,(anonymous_4)
FN:126,(anonymous_5)
FN:144,(anonymous_6)
FN:147,(anonymous_7)
FN:154,(anonymous_8)
FN:189,(anonymous_9)
FN:202,(anonymous_10)
FN:215,(anonymous_11)
FN:225,(anonymous_12)
FN:235,(anonymous_13)
FN:238,(anonymous_14)
FNF:15
FNH:0
FNDA:0,(anonymous_0)
FNDA:0,(anonymous_1)
FNDA:0,(anonymous_2)
FNDA:0,(anonymous_3)
FNDA:0,(anonymous_4)
FNDA:0,(anonymous_5)
FNDA:0,(anonymous_6)
FNDA:0,(anonymous_7)
FNDA:0,(anonymous_8)
FNDA:0,(anonymous_9)
FNDA:0,(anonymous_10)
FNDA:0,(anonymous_11)
FNDA:0,(anonymous_12)
FNDA:0,(anonymous_13)
FNDA:0,(anonymous_14)
DA:36,0
DA:37,0
DA:38,0
DA:39,0
DA:40,0
DA:41,0
DA:42,0
DA:43,0
DA:45,0
DA:47,0
DA:48,0
DA:50,0
DA:57,0
DA:63,0
DA:70,0
DA:80,0
DA:82,0
DA:94,0
DA:96,0
DA:98,0
DA:102,0
DA:104,0
DA:105,0
DA:107,0
DA:108,0
DA:111,0
DA:120,0
DA:121,0
DA:127,0
DA:128,0
DA:131,0
DA:132,0
DA:133,0
DA:136,0
DA:137,0
DA:143,0
DA:145,0
DA:148,0
DA:149,0
DA:154,0
DA:155,0
DA:158,0
DA:190,0
DA:203,0
DA:215,0
DA:225,0
DA:235,0
DA:238,0
LF:48
LH:0
BRDA:85,0,0,0
BRDA:85,0,1,0
BRDA:104,1,0,0
BRDA:104,1,1,0
BRDA:127,2,0,0
BRDA:127,2,1,0
BRDA:131,3,0,0
BRDA:131,3,1,0
BRDA:160,4,0,0
BRDA:160,4,1,0
BRF:10
BRH:0
end_of_record
TN:
SF:src/pages/SignIn/index.tsx
FN:39,(anonymous_0)
FN:46,(anonymous_1)
FN:105,(anonymous_2)
FN:116,(anonymous_3)
FN:121,(anonymous_4)
FN:124,(anonymous_5)
FN:131,(anonymous_6)
FNF:7
FNH:1
FNDA:1,(anonymous_0)
FNDA:0,(anonymous_1)
FNDA:0,(anonymous_2)
FNDA:0,(anonymous_3)
FNDA:0,(anonymous_4)
FNDA:0,(anonymous_5)
FNDA:0,(anonymous_6)
DA:39,1
DA:40,1
DA:41,1
DA:42,1
DA:43,1
DA:45,1
DA:47,0
DA:48,0
DA:50,0
DA:57,0
DA:61,0
DA:66,0
DA:67,0
DA:69,0
DA:70,0
DA:73,0
DA:82,1
DA:106,0
DA:117,0
DA:121,0
DA:131,0
LF:21
LH:7
BRDA:66,0,0,0
BRDA:66,0,1,0
BRDA:84,1,0,1
BRDA:84,1,1,0
BRF:4
BRH:1
end_of_record
TN:
SF:src/pages/SignUp/index.tsx
FN:34,(anonymous_0)
FN:41,(anonymous_1)
FN:103,(anonymous_2)
FN:116,(anonymous_3)
FN:128,(anonymous_4)
FN:131,(anonymous_5)
FN:137,(anonymous_6)
FNF:7
FNH:0
FNDA:0,(anonymous_0)
FNDA:0,(anonymous_1)
FNDA:0,(anonymous_2)
FNDA:0,(anonymous_3)
FNDA:0,(anonymous_4)
FNDA:0,(anonymous_5)
FNDA:0,(anonymous_6)
DA:34,0
DA:35,0
DA:36,0
DA:37,0
DA:38,0
DA:40,0
DA:42,0
DA:43,0
DA:45,0
DA:53,0
DA:57,0
DA:59,0
DA:64,0
DA:66,0
DA:67,0
DA:69,0
DA:70,0
DA:73,0
DA:82,0
DA:104,0
DA:117,0
DA:128,0
DA:131,0
DA:137,0
LF:24
LH:0
BRDA:66,0,0,0
BRDA:66,0,1,0
BRDA:84,1,0,0
BRDA:84,1,1,0
BRF:4
BRH:0
end_of_record
